This is pdfTeX, Version 3.14159265-2.6-1.40.16 (TeX Live 2015/Debian) (preloaded format=pdflatex 2018.10.23)  21 APR 2019 17:46
entering extended mode
 restricted \write18 enabled.
 %&-line parsing enabled.
**diagrams.tex
(./diagrams.tex
LaTeX2e <2016/02/01>
Babel <3.9q> and hyphenation patterns for 3 language(s) loaded.
(/usr/share/texlive/texmf-dist/tex/latex/base/article.cls
Document Class: article 2014/09/29 v1.4h Standard LaTeX document class
(/usr/share/texlive/texmf-dist/tex/latex/base/size12.clo
File: size12.clo 2014/09/29 v1.4h Standard LaTeX file (size option)
)
\c@part=\count79
\c@section=\count80
\c@subsection=\count81
\c@subsubsection=\count82
\c@paragraph=\count83
\c@subparagraph=\count84
\c@figure=\count85
\c@table=\count86
\abovecaptionskip=\skip41
\belowcaptionskip=\skip42
\bibindent=\dimen102
) (./sammath.sty
(/usr/share/texlive/texmf-dist/tex/latex/amsmath/amsmath.sty
Package: amsmath 2016/03/03 v2.15a AMS math features
\@mathmargin=\skip43

For additional information on amsmath, use the `?' option.
(/usr/share/texlive/texmf-dist/tex/latex/amsmath/amstext.sty
Package: amstext 2000/06/29 v2.01 AMS text

(/usr/share/texlive/texmf-dist/tex/latex/amsmath/amsgen.sty
File: amsgen.sty 1999/11/30 v2.0 generic functions
\@emptytoks=\toks14
\ex@=\dimen103
))
(/usr/share/texlive/texmf-dist/tex/latex/amsmath/amsbsy.sty
Package: amsbsy 1999/11/29 v1.2d Bold Symbols
\pmbraise@=\dimen104
)
(/usr/share/texlive/texmf-dist/tex/latex/amsmath/amsopn.sty
Package: amsopn 1999/12/14 v2.01 operator names
)
\inf@bad=\count87
LaTeX Info: Redefining \frac on input line 199.
\uproot@=\count88
\leftroot@=\count89
LaTeX Info: Redefining \overline on input line 297.
\classnum@=\count90
\DOTSCASE@=\count91
LaTeX Info: Redefining \ldots on input line 394.
LaTeX Info: Redefining \dots on input line 397.
LaTeX Info: Redefining \cdots on input line 518.
\Mathstrutbox@=\box26
\strutbox@=\box27
\big@size=\dimen105
LaTeX Font Info:    Redeclaring font encoding OML on input line 630.
LaTeX Font Info:    Redeclaring font encoding OMS on input line 631.
\macc@depth=\count92
\c@MaxMatrixCols=\count93
\dotsspace@=\muskip10
\c@parentequation=\count94
\dspbrk@lvl=\count95
\tag@help=\toks15
\row@=\count96
\column@=\count97
\maxfields@=\count98
\andhelp@=\toks16
\eqnshift@=\dimen106
\alignsep@=\dimen107
\tagshift@=\dimen108
\tagwidth@=\dimen109
\totwidth@=\dimen110
\lineht@=\dimen111
\@envbody=\toks17
\multlinegap=\skip44
\multlinetaggap=\skip45
\mathdisplay@stack=\toks18
LaTeX Info: Redefining \[ on input line 2735.
LaTeX Info: Redefining \] on input line 2736.
)
(/usr/share/texlive/texmf-dist/tex/latex/amscls/amsthm.sty
Package: amsthm 2015/03/04 v2.20.2
\thm@style=\toks19
\thm@bodyfont=\toks20
\thm@headfont=\toks21
\thm@notefont=\toks22
\thm@headpunct=\toks23
\thm@preskip=\skip46
\thm@postskip=\skip47
\thm@headsep=\skip48
\dth@everypar=\toks24
)
(/usr/share/texlive/texmf-dist/tex/latex/amsfonts/amssymb.sty
Package: amssymb 2013/01/14 v3.01 AMS font symbols

(/usr/share/texlive/texmf-dist/tex/latex/amsfonts/amsfonts.sty
Package: amsfonts 2013/01/14 v3.01 Basic AMSFonts support
\symAMSa=\mathgroup4
\symAMSb=\mathgroup5
LaTeX Font Info:    Overwriting math alphabet `\mathfrak' in version `bold'
(Font)                  U/euf/m/n --> U/euf/b/n on input line 106.
))
(/usr/share/texlive/texmf-dist/tex/latex/graphics/graphicx.sty
Package: graphicx 2014/10/28 v1.0g Enhanced LaTeX Graphics (DPC,SPQR)

(/usr/share/texlive/texmf-dist/tex/latex/graphics/keyval.sty
Package: keyval 2014/10/28 v1.15 key=value parser (DPC)
\KV@toks@=\toks25
)
(/usr/share/texlive/texmf-dist/tex/latex/graphics/graphics.sty
Package: graphics 2016/01/03 v1.0q Standard LaTeX Graphics (DPC,SPQR)

(/usr/share/texlive/texmf-dist/tex/latex/graphics/trig.sty
Package: trig 2016/01/03 v1.10 sin cos tan (DPC)
)
(/usr/share/texlive/texmf-dist/tex/latex/latexconfig/graphics.cfg
File: graphics.cfg 2010/04/23 v1.9 graphics configuration of TeX Live
)
Package graphics Info: Driver file: pdftex.def on input line 95.

(/usr/share/texlive/texmf-dist/tex/latex/pdftex-def/pdftex.def
File: pdftex.def 2011/05/27 v0.06d Graphics/color for pdfTeX

(/usr/share/texlive/texmf-dist/tex/generic/oberdiek/infwarerr.sty
Package: infwarerr 2010/04/08 v1.3 Providing info/warning/error messages (HO)
)
(/usr/share/texlive/texmf-dist/tex/generic/oberdiek/ltxcmds.sty
Package: ltxcmds 2011/11/09 v1.22 LaTeX kernel commands for general use (HO)
)
\Gread@gobject=\count99
))
\Gin@req@height=\dimen112
\Gin@req@width=\dimen113
)
(/usr/share/texlive/texmf-dist/tex/latex/caption/caption.sty
Package: caption 2016/02/21 v3.3-144 Customizing captions (AR)

(/usr/share/texlive/texmf-dist/tex/latex/caption/caption3.sty
Package: caption3 2016/02/04 v1.7-139 caption3 kernel (AR)
Package caption3 Info: TeX engine: e-TeX on input line 67.
\captionmargin=\dimen114
\captionmargin@=\dimen115
\captionwidth=\dimen116
\caption@tempdima=\dimen117
\caption@indent=\dimen118
\caption@parindent=\dimen119
\caption@hangindent=\dimen120
)
\c@ContinuedFloat=\count100
)
(/usr/share/texlive/texmf-dist/tex/latex/geometry/geometry.sty
Package: geometry 2010/09/12 v5.6 Page Geometry

(/usr/share/texlive/texmf-dist/tex/generic/oberdiek/ifpdf.sty
Package: ifpdf 2011/01/30 v2.3 Provides the ifpdf switch (HO)
Package ifpdf Info: pdfTeX in PDF mode is detected.
)
(/usr/share/texlive/texmf-dist/tex/generic/oberdiek/ifvtex.sty
Package: ifvtex 2010/03/01 v1.5 Detect VTeX and its facilities (HO)
Package ifvtex Info: VTeX not detected.
)
(/usr/share/texlive/texmf-dist/tex/generic/ifxetex/ifxetex.sty
Package: ifxetex 2010/09/12 v0.6 Provides ifxetex conditional
)
\Gm@cnth=\count101
\Gm@cntv=\count102
\c@Gm@tempcnt=\count103
\Gm@bindingoffset=\dimen121
\Gm@wd@mp=\dimen122
\Gm@odd@mp=\dimen123
\Gm@even@mp=\dimen124
\Gm@layoutwidth=\dimen125
\Gm@layoutheight=\dimen126
\Gm@layouthoffset=\dimen127
\Gm@layoutvoffset=\dimen128
\Gm@dimlist=\toks26
)
(/usr/share/texlive/texmf-dist/tex/latex/xcolor/xcolor.sty
Package: xcolor 2007/01/21 v2.11 LaTeX color extensions (UK)

(/usr/share/texlive/texmf-dist/tex/latex/latexconfig/color.cfg
File: color.cfg 2007/01/18 v1.5 color configuration of teTeX/TeXLive
)
Package xcolor Info: Driver file: pdftex.def on input line 225.
Package xcolor Info: Model `cmy' substituted by `cmy0' on input line 1337.
Package xcolor Info: Model `hsb' substituted by `rgb' on input line 1341.
Package xcolor Info: Model `RGB' extended on input line 1353.
Package xcolor Info: Model `HTML' substituted by `rgb' on input line 1355.
Package xcolor Info: Model `Hsb' substituted by `hsb' on input line 1356.
Package xcolor Info: Model `tHsb' substituted by `hsb' on input line 1357.
Package xcolor Info: Model `HSB' substituted by `hsb' on input line 1358.
Package xcolor Info: Model `Gray' substituted by `gray' on input line 1359.
Package xcolor Info: Model `wave' substituted by `hsb' on input line 1360.

(/usr/share/texlive/texmf-dist/tex/latex/graphics/dvipsnam.def
File: dvipsnam.def 2015/12/30 v3.0k Driver-dependent file (DPC,SPQR)
))
\c@csection=\count104
\c@csubsection=\count105
\c@csubsubsection=\count106
)
(./diagrams.aux)
\openout1 = `diagrams.aux'.

LaTeX Font Info:    Checking defaults for OML/cmm/m/it on input line 9.
LaTeX Font Info:    ... okay on input line 9.
LaTeX Font Info:    Checking defaults for T1/cmr/m/n on input line 9.
LaTeX Font Info:    ... okay on input line 9.
LaTeX Font Info:    Checking defaults for OT1/cmr/m/n on input line 9.
LaTeX Font Info:    ... okay on input line 9.
LaTeX Font Info:    Checking defaults for OMS/cmsy/m/n on input line 9.
LaTeX Font Info:    ... okay on input line 9.
LaTeX Font Info:    Checking defaults for OMX/cmex/m/n on input line 9.
LaTeX Font Info:    ... okay on input line 9.
LaTeX Font Info:    Checking defaults for U/cmr/m/n on input line 9.
LaTeX Font Info:    ... okay on input line 9.
 (/usr/share/texlive/texmf-dist/tex/context/base/supp-pdf.mkii
[Loading MPS to PDF converter (version 2006.09.02).]
\scratchcounter=\count107
\scratchdimen=\dimen129
\scratchbox=\box28
\nofMPsegments=\count108
\nofMParguments=\count109
\everyMPshowfont=\toks27
\MPscratchCnt=\count110
\MPscratchDim=\dimen130
\MPnumerator=\count111
\makeMPintoPDFobject=\count112
\everyMPtoPDFconversion=\toks28
) (/usr/share/texlive/texmf-dist/tex/generic/oberdiek/pdftexcmds.sty
Package: pdftexcmds 2011/11/29 v0.20 Utility functions of pdfTeX for LuaTeX (HO
)

(/usr/share/texlive/texmf-dist/tex/generic/oberdiek/ifluatex.sty
Package: ifluatex 2010/03/01 v1.3 Provides the ifluatex switch (HO)
Package ifluatex Info: LuaTeX not detected.
)
Package pdftexcmds Info: LuaTeX not detected.
Package pdftexcmds Info: \pdf@primitive is available.
Package pdftexcmds Info: \pdf@ifprimitive is available.
Package pdftexcmds Info: \pdfdraftmode found.
)
(/usr/share/texlive/texmf-dist/tex/latex/oberdiek/epstopdf-base.sty
Package: epstopdf-base 2010/02/09 v2.5 Base part for package epstopdf

(/usr/share/texlive/texmf-dist/tex/latex/oberdiek/grfext.sty
Package: grfext 2010/08/19 v1.1 Manage graphics extensions (HO)

(/usr/share/texlive/texmf-dist/tex/generic/oberdiek/kvdefinekeys.sty
Package: kvdefinekeys 2011/04/07 v1.3 Define keys (HO)
))
(/usr/share/texlive/texmf-dist/tex/latex/oberdiek/kvoptions.sty
Package: kvoptions 2011/06/30 v3.11 Key value format for package options (HO)

(/usr/share/texlive/texmf-dist/tex/generic/oberdiek/kvsetkeys.sty
Package: kvsetkeys 2012/04/25 v1.16 Key value parser (HO)

(/usr/share/texlive/texmf-dist/tex/generic/oberdiek/etexcmds.sty
Package: etexcmds 2011/02/16 v1.5 Avoid name clashes with e-TeX commands (HO)
Package etexcmds Info: Could not find \expanded.
(etexcmds)             That can mean that you are not using pdfTeX 1.50 or
(etexcmds)             that some package has redefined \expanded.
(etexcmds)             In the latter case, load this package earlier.
)))
Package grfext Info: Graphics extension search list:
(grfext)             [.png,.pdf,.jpg,.mps,.jpeg,.jbig2,.jb2,.PNG,.PDF,.JPG,.JPE
G,.JBIG2,.JB2,.eps]
(grfext)             \AppendGraphicsExtensions on input line 452.

(/usr/share/texlive/texmf-dist/tex/latex/latexconfig/epstopdf-sys.cfg
File: epstopdf-sys.cfg 2010/07/13 v1.3 Configuration of (r)epstopdf for TeX Liv
e
))
Package caption Info: Begin \AtBeginDocument code.
Package caption Info: End \AtBeginDocument code.

*geometry* driver: auto-detecting
*geometry* detected driver: pdftex
*geometry* verbose mode - [ preamble ] result:
* driver: pdftex
* paper: <default>
* layout: <same size as paper>
* layoutoffset:(h,v)=(0.0pt,0.0pt)
* modes: 
* h-part:(L,W,R)=(72.26999pt, 469.75502pt, 72.26999pt)
* v-part:(T,H,B)=(72.26999pt, 650.43001pt, 72.26999pt)
* \paperwidth=614.295pt
* \paperheight=794.96999pt
* \textwidth=469.75502pt
* \textheight=650.43001pt
* \oddsidemargin=0.0pt
* \evensidemargin=0.0pt
* \topmargin=-37.0pt
* \headheight=12.0pt
* \headsep=25.0pt
* \topskip=12.0pt
* \footskip=30.0pt
* \marginparwidth=44.0pt
* \marginparsep=10.0pt
* \columnsep=10.0pt
* \skip\footins=10.8pt plus 4.0pt minus 2.0pt
* \hoffset=0.0pt
* \voffset=0.0pt
* \mag=1000
* \@twocolumnfalse
* \@twosidefalse
* \@mparswitchfalse
* \@reversemarginfalse
* (1in=72.27pt=25.4mm, 1cm=28.453pt)


Underfull \hbox (badness 10000) in paragraph at lines 11--12

 []

LaTeX Font Info:    Try loading font information for U+msa on input line 18.
(/usr/share/texlive/texmf-dist/tex/latex/amsfonts/umsa.fd
File: umsa.fd 2013/01/14 v3.01 AMS symbols A
)
LaTeX Font Info:    Try loading font information for U+msb on input line 18.

(/usr/share/texlive/texmf-dist/tex/latex/amsfonts/umsb.fd
File: umsb.fd 2013/01/14 v3.01 AMS symbols B
) [1

{/var/lib/texmf/fonts/map/pdftex/updmap/pdftex.map}] <rg.png, id=14, 120.45pt x
 80.3pt>
File: rg.png Graphic file (type png)

<use rg.png>
Package pdftex.def Info: rg.png used on input line 70.
(pdftex.def)             Requested size: 29.87532pt x 19.91684pt.
 <rr.png, id=16, 120.45pt x 80.3pt>
File: rr.png Graphic file (type png)
 <use rr.png>
Package pdftex.def Info: rr.png used on input line 72.
(pdftex.def)             Requested size: 29.87532pt x 19.91684pt.

<rgb.png, id=17, 200.75pt x 80.3pt>
File: rgb.png Graphic file (type png)
 <use rgb.png>
Package pdftex.def Info: rgb.png used on input line 75.
(pdftex.def)             Requested size: 49.79222pt x 19.91684pt.

<sgd-2b.png, id=18, 200.75pt x 80.3pt>
File: sgd-2b.png Graphic file (type png)
 <use sgd-2b.png>
Package pdftex.def Info: sgd-2b.png used on input line 78.
(pdftex.def)             Requested size: 49.79222pt x 19.91684pt.
File: rr.png Graphic file (type png)
 <use rr.png>
Package pdftex.def Info: rr.png used on input line 80.
(pdftex.def)             Requested size: 29.87532pt x 19.91684pt.
File: rg.png Graphic file (type png)

<use rg.png>
Package pdftex.def Info: rg.png used on input line 80.
(pdftex.def)             Requested size: 29.87532pt x 19.91684pt.
 <sgd-2a.png, id=19, 200.75pt x 80.3pt>
File: sgd-2a.png Graphic file (type png)
 <use sgd-2a.png>
Package pdftex.def Info: sgd-2a.png used on input line 82.
(pdftex.def)             Requested size: 49.79222pt x 19.91684pt.
File: sgd-2b.png Graphic file (type png)

<use sgd-2b.png>
Package pdftex.def Info: sgd-2b.png used on input line 82.
(pdftex.def)             Requested size: 49.79222pt x 19.91684pt.
 <rggb-a.png, id=20, 281.05pt x 80.3pt>
File: rggb-a.png Graphic file (type png)
 <use rggb-a.png>
Package pdftex.def Info: rggb-a.png used on input line 84.
(pdftex.def)             Requested size: 69.7091pt x 19.91684pt.

<rggb-b.png, id=21, 281.05pt x 80.3pt>
File: rggb-b.png Graphic file (type png)
 <use rggb-b.png>
Package pdftex.def Info: rggb-b.png used on input line 84.
(pdftex.def)             Requested size: 69.7091pt x 19.91684pt.

<new-rgbg.png, id=22, 281.05pt x 80.3pt>
File: new-rgbg.png Graphic file (type png)
 <use new-rgbg.png>
Package pdftex.def Info: new-rgbg.png used on input line 84.
(pdftex.def)             Requested size: 69.7091pt x 19.91684pt.


Package amsmath Warning: Foreign command \atopwithdelims;
(amsmath)                \frac or \genfrac should be used instead
(amsmath)                 on input line 96.

<sgd-0.png, id=23, 40.15pt x 80.3pt>
File: sgd-0.png Graphic file (type png)
 <use sgd-0.png>
Package pdftex.def Info: sgd-0.png used on input line 112.
(pdftex.def)             Requested size: 9.95844pt x 19.91684pt.

<sgd-1.png, id=24, 120.45pt x 80.3pt>
File: sgd-1.png Graphic file (type png)
 <use sgd-1.png>
Package pdftex.def Info: sgd-1.png used on input line 112.
(pdftex.def)             Requested size: 29.87532pt x 19.91684pt.
File: sgd-2a.png Graphic file (type png)
 <use sgd-2a.png>
Package pdftex.def Info: sgd-2a.png used on input line 112.
(pdftex.def)             Requested size: 49.79222pt x 19.91684pt.
File: sgd-2b.png Graphic file (type png)

<use sgd-2b.png>
Package pdftex.def Info: sgd-2b.png used on input line 112.
(pdftex.def)             Requested size: 49.79222pt x 19.91684pt.
 <new-rrg.png, id=25, 200.75pt x 80.3pt>
File: new-rrg.png Graphic file (type png)
 <use new-rrg.png>
Package pdftex.def Info: new-rrg.png used on input line 112.
(pdftex.def)             Requested size: 49.79222pt x 19.91684pt.

<sgd-3a.png, id=26, 281.05pt x 80.3pt>
File: sgd-3a.png Graphic file (type png)
 <use sgd-3a.png>
Package pdftex.def Info: sgd-3a.png used on input line 112.
(pdftex.def)             Requested size: 69.7091pt x 19.91684pt.

<sgd-3b.png, id=27, 281.05pt x 80.3pt>
File: sgd-3b.png Graphic file (type png)
 <use sgd-3b.png>
Package pdftex.def Info: sgd-3b.png used on input line 112.
(pdftex.def)             Requested size: 69.7091pt x 19.91684pt.

<sgd-3c.png, id=28, 281.05pt x 80.3pt>
File: sgd-3c.png Graphic file (type png)
 <use sgd-3c.png>
Package pdftex.def Info: sgd-3c.png used on input line 112.
(pdftex.def)             Requested size: 69.7091pt x 19.91684pt.

<sgd-3d.png, id=29, 281.05pt x 80.3pt>
File: sgd-3d.png Graphic file (type png)
 <use sgd-3d.png>
Package pdftex.def Info: sgd-3d.png used on input line 112.
(pdftex.def)             Requested size: 69.7091pt x 19.91684pt.

<sgd-3e.png, id=30, 281.05pt x 80.3pt>
File: sgd-3e.png Graphic file (type png)
 <use sgd-3e.png>
Package pdftex.def Info: sgd-3e.png used on input line 112.
(pdftex.def)             Requested size: 69.7091pt x 19.91684pt.

<sgd-3f.png, id=31, 281.05pt x 80.3pt>
File: sgd-3f.png Graphic file (type png)
 <use sgd-3f.png>
Package pdftex.def Info: sgd-3f.png used on input line 112.
(pdftex.def)             Requested size: 69.7091pt x 19.91684pt.

<new-rggb.png, id=32, 281.05pt x 80.3pt>
File: new-rggb.png Graphic file (type png)
 <use new-rggb.png>
Package pdftex.def Info: new-rggb.png used on input line 112.
(pdftex.def)             Requested size: 69.7091pt x 19.91684pt.

<new-rrgb-a.png, id=33, 281.05pt x 80.3pt>
File: new-rrgb-a.png Graphic file (type png)
 <use new-rrgb-a.png>
Package pdftex.def Info: new-rrgb-a.png used on input line 112.
(pdftex.def)             Requested size: 69.7091pt x 19.91684pt.

<new-rrgb-b.png, id=34, 281.05pt x 80.3pt>
File: new-rrgb-b.png Graphic file (type png)
 <use new-rrgb-b.png>
Package pdftex.def Info: new-rrgb-b.png used on input line 112.
(pdftex.def)             Requested size: 69.7091pt x 19.91684pt.

<new-rrgb-c.png, id=35, 281.05pt x 80.3pt>
File: new-rrgb-c.png Graphic file (type png)
 <use new-rrgb-c.png>
Package pdftex.def Info: new-rrgb-c.png used on input line 112.
(pdftex.def)             Requested size: 69.7091pt x 19.91684pt.

<new-rrrg.png, id=36, 281.05pt x 80.3pt>
File: new-rrrg.png Graphic file (type png)
 <use new-rrrg.png>
Package pdftex.def Info: new-rrrg.png used on input line 112.
(pdftex.def)             Requested size: 69.7091pt x 19.91684pt.
File: sgd-0.png Graphic file (type png)
 <use sgd-0.png>
Package pdftex.def Info: sgd-0.png used on input line 112.
(pdftex.def)             Requested size: 9.95844pt x 19.91684pt.
File: sgd-1.png Graphic file (type png)

<use sgd-1.png>
Package pdftex.def Info: sgd-1.png used on input line 112.
(pdftex.def)             Requested size: 29.87532pt x 19.91684pt.
File: sgd-2a.png Graphic file (type png)
 <use sgd-2a.png>
Package pdftex.def Info: sgd-2a.png used on input line 112.
(pdftex.def)             Requested size: 49.79222pt x 19.91684pt.
File: sgd-2b.png Graphic file (type png)
 <use sgd-2b.png>
Package pdftex.def Info: sgd-2b.png used on input line 112.
(pdftex.def)             Requested size: 49.79222pt x 19.91684pt.
File: new-rrg.png Graphic file (type png)
 <use new-rrg.png>
Package pdftex.def Info: new-rrg.png used on input line 112.
(pdftex.def)             Requested size: 49.79222pt x 19.91684pt.
File: sgd-3a.png Graphic file (type png)

<use sgd-3a.png>
Package pdftex.def Info: sgd-3a.png used on input line 112.
(pdftex.def)             Requested size: 69.7091pt x 19.91684pt.
File: sgd-3b.png Graphic file (type png)
 <use sgd-3b.png>
Package pdftex.def Info: sgd-3b.png used on input line 112.
(pdftex.def)             Requested size: 69.7091pt x 19.91684pt.
File: sgd-3c.png Graphic file (type png)
 <use sgd-3c.png>
Package pdftex.def Info: sgd-3c.png used on input line 112.
(pdftex.def)             Requested size: 69.7091pt x 19.91684pt.
File: sgd-3d.png Graphic file (type png)
 <use sgd-3d.png>
Package pdftex.def Info: sgd-3d.png used on input line 112.
(pdftex.def)             Requested size: 69.7091pt x 19.91684pt.
File: sgd-3e.png Graphic file (type png)

<use sgd-3e.png>
Package pdftex.def Info: sgd-3e.png used on input line 112.
(pdftex.def)             Requested size: 69.7091pt x 19.91684pt.
File: sgd-3f.png Graphic file (type png)
 <use sgd-3f.png>
Package pdftex.def Info: sgd-3f.png used on input line 112.
(pdftex.def)             Requested size: 69.7091pt x 19.91684pt.
File: new-rggb.png Graphic file (type png)
 <use new-rggb.png>
Package pdftex.def Info: new-rggb.png used on input line 112.
(pdftex.def)             Requested size: 69.7091pt x 19.91684pt.
File: new-rrgb-a.png Graphic file (type png)
 <use new-rrgb-a.png>
Package pdftex.def Info: new-rrgb-a.png used on input line 112.
(pdftex.def)             Requested size: 69.7091pt x 19.91684pt.
File: new-rrgb-b.png Graphic file (type png)

<use new-rrgb-b.png>
Package pdftex.def Info: new-rrgb-b.png used on input line 112.
(pdftex.def)             Requested size: 69.7091pt x 19.91684pt.
File: new-rrgb-c.png Graphic file (type png)
 <use new-rrgb-c.png>
Package pdftex.def Info: new-rrgb-c.png used on input line 112.
(pdftex.def)             Requested size: 69.7091pt x 19.91684pt.
File: new-rrrg.png Graphic file (type png)
 <use new-rrrg.png>
Package pdftex.def Info: new-rrrg.png used on input line 112.
(pdftex.def)             Requested size: 69.7091pt x 19.91684pt.
 [2 <./rg.png> <./rr.png> <./rgb.png> <./sgd-2b.png> <./sgd-2a.png> <./rggb-a.p
ng> <./rggb-b.png> <./new-rgbg.png>]
File: sgd-0.png Graphic file (type png)
 <use sgd-0.png>
Package pdftex.def Info: sgd-0.png used on input line 123.
(pdftex.def)             Requested size: 9.95844pt x 19.91684pt.
File: sgd-1.png Graphic file (type png)
 <use sgd-1.png>
Package pdftex.def Info: sgd-1.png used on input line 123.
(pdftex.def)             Requested size: 29.87532pt x 19.91684pt.
File: sgd-2a.png Graphic file (type png)
 <use sgd-2a.png>
Package pdftex.def Info: sgd-2a.png used on input line 123.
(pdftex.def)             Requested size: 49.79222pt x 19.91684pt.
File: new-rrg.png Graphic file (type png)

<use new-rrg.png>
Package pdftex.def Info: new-rrg.png used on input line 123.
(pdftex.def)             Requested size: 49.79222pt x 19.91684pt.
File: sgd-3a.png Graphic file (type png)
 <use sgd-3a.png>
Package pdftex.def Info: sgd-3a.png used on input line 123.
(pdftex.def)             Requested size: 69.7091pt x 19.91684pt.
File: sgd-3b.png Graphic file (type png)
 <use sgd-3b.png>
Package pdftex.def Info: sgd-3b.png used on input line 123.
(pdftex.def)             Requested size: 69.7091pt x 19.91684pt.
File: new-rggb.png Graphic file (type png)
 <use new-rggb.png>
Package pdftex.def Info: new-rggb.png used on input line 123.
(pdftex.def)             Requested size: 69.7091pt x 19.91684pt.
File: new-rrgb-a.png Graphic file (type png)

<use new-rrgb-a.png>
Package pdftex.def Info: new-rrgb-a.png used on input line 123.
(pdftex.def)             Requested size: 69.7091pt x 19.91684pt.
File: new-rrgb-c.png Graphic file (type png)
 <use new-rrgb-c.png>
Package pdftex.def Info: new-rrgb-c.png used on input line 123.
(pdftex.def)             Requested size: 69.7091pt x 19.91684pt.
File: new-rrrg.png Graphic file (type png)
 <use new-rrrg.png>
Package pdftex.def Info: new-rrrg.png used on input line 123.
(pdftex.def)             Requested size: 69.7091pt x 19.91684pt.
File: sgd-0.png Graphic file (type png)
 <use sgd-0.png>
Package pdftex.def Info: sgd-0.png used on input line 123.
(pdftex.def)             Requested size: 9.95844pt x 19.91684pt.
File: sgd-1.png Graphic file (type png)

<use sgd-1.png>
Package pdftex.def Info: sgd-1.png used on input line 123.
(pdftex.def)             Requested size: 29.87532pt x 19.91684pt.
File: sgd-2a.png Graphic file (type png)
 <use sgd-2a.png>
Package pdftex.def Info: sgd-2a.png used on input line 123.
(pdftex.def)             Requested size: 49.79222pt x 19.91684pt.
File: new-rrg.png Graphic file (type png)
 <use new-rrg.png>
Package pdftex.def Info: new-rrg.png used on input line 123.
(pdftex.def)             Requested size: 49.79222pt x 19.91684pt.
File: sgd-3a.png Graphic file (type png)
 <use sgd-3a.png>
Package pdftex.def Info: sgd-3a.png used on input line 123.
(pdftex.def)             Requested size: 69.7091pt x 19.91684pt.
File: sgd-3b.png Graphic file (type png)

<use sgd-3b.png>
Package pdftex.def Info: sgd-3b.png used on input line 123.
(pdftex.def)             Requested size: 69.7091pt x 19.91684pt.
File: new-rggb.png Graphic file (type png)
 <use new-rggb.png>
Package pdftex.def Info: new-rggb.png used on input line 123.
(pdftex.def)             Requested size: 69.7091pt x 19.91684pt.
File: new-rrgb-a.png Graphic file (type png)
 <use new-rrgb-a.png>
Package pdftex.def Info: new-rrgb-a.png used on input line 123.
(pdftex.def)             Requested size: 69.7091pt x 19.91684pt.
File: new-rrgb-c.png Graphic file (type png)
 <use new-rrgb-c.png>
Package pdftex.def Info: new-rrgb-c.png used on input line 123.
(pdftex.def)             Requested size: 69.7091pt x 19.91684pt.
File: new-rrrg.png Graphic file (type png)

<use new-rrrg.png>
Package pdftex.def Info: new-rrrg.png used on input line 123.
(pdftex.def)             Requested size: 69.7091pt x 19.91684pt.
File: new-rrg.png Graphic file (type png)
 <use new-rrg.png>
Package pdftex.def Info: new-rrg.png used on input line 132.
(pdftex.def)             Requested size: 49.79222pt x 19.91684pt.
 [3 <./sgd-0.png> <./sgd-1.png> <./new-rrg.png> <./sgd-3a.png> <./sgd-3b.png> <
./sgd-3c.png> <./sgd-3d.png> <./sgd-3e.png> <./sgd-3f.png> <./new-rggb.png> <./
new-rrgb-a.png> <./new-rrgb-b.png> <./new-rrgb-c.png> <./new-rrrg.png>] <out-sg
d-logis.png, id=68, 462.528pt x 346.896pt>
File: out-sgd-logis.png Graphic file (type png)

<use out-sgd-logis.png>
Package pdftex.def Info: out-sgd-logis.png used on input line 177.
(pdftex.def)             Requested size: 149.37697pt x 112.03056pt.
 <gen-sgd-logis.png, id=69, 462.528pt x 346.896pt>
File: gen-sgd-logis.png Graphic file (type png)

<use gen-sgd-logis.png>
Package pdftex.def Info: gen-sgd-logis.png used on input line 178.
(pdftex.def)             Requested size: 149.37697pt x 112.03056pt.
 <out-diff-logis.png, id=70, 462.528pt x 346.896pt>
File: out-diff-logis.png Graphic file (type png)

<use out-diff-logis.png>
Package pdftex.def Info: out-diff-logis.png used on input line 179.
(pdftex.def)             Requested size: 149.37697pt x 112.03056pt.


LaTeX Warning: `h' float specifier changed to `ht'.

<out-sgd-deep17.png, id=71, 462.528pt x 346.896pt>
File: out-sgd-deep17.png Graphic file (type png)
 <use out-sgd-deep17.png>
Package pdftex.def Info: out-sgd-deep17.png used on input line 190.
(pdftex.def)             Requested size: 149.37697pt x 112.03056pt.

<out-sgd-deep17-exp.png, id=72, 462.528pt x 346.896pt>
File: out-sgd-deep17-exp.png Graphic file (type png)

<use out-sgd-deep17-exp.png>
Package pdftex.def Info: out-sgd-deep17-exp.png used on input line 191.
(pdftex.def)             Requested size: 149.37697pt x 112.03056pt.

<gen-sgd-deep17.png, id=73, 462.528pt x 346.896pt>
File: gen-sgd-deep17.png Graphic file (type png)
 <use gen-sgd-deep17.png>
Package pdftex.def Info: gen-sgd-deep17.png used on input line 192.
(pdftex.def)             Requested size: 149.37697pt x 112.03056pt.


LaTeX Warning: `h' float specifier changed to `ht'.


Underfull \hbox (badness 10000) in paragraph at lines 203--204

 []

[4] [5 <./out-sgd-logis.png> <./gen-sgd-logis.png> <./out-diff-logis.png> <./ou
t-sgd-deep17.png> <./out-sgd-deep17-exp.png> <./gen-sgd-deep17.png>]
(./diagrams.aux) ) 
Here is how much of TeX's memory you used:
 4696 strings out of 494953
 67200 string characters out of 6180976
 140444 words of memory out of 5000000
 7898 multiletter control sequences out of 15000+600000
 9197 words of font info for 35 fonts, out of 8000000 for 9000
 14 hyphenation exceptions out of 8191
 43i,17n,40p,573b,310s stack positions out of 5000i,500n,10000p,200000b,80000s
</usr/share/texlive/texmf-dist/fonts/type1/public/amsfonts/cm
/cmbx12.pfb></usr/share/texlive/texmf-dist/fonts/type1/public/amsfonts/cm/cmex1
0.pfb></usr/share/texlive/texmf-dist/fonts/type1/public/amsfonts/cm/cmmi12.pfb>
</usr/share/texlive/texmf-dist/fonts/type1/public/amsfonts/cm/cmmi6.pfb></usr/s
hare/texlive/texmf-dist/fonts/type1/public/amsfonts/cm/cmmi8.pfb></usr/share/te
xlive/texmf-dist/fonts/type1/public/amsfonts/cm/cmr12.pfb></usr/share/texlive/t
exmf-dist/fonts/type1/public/amsfonts/cm/cmr6.pfb></usr/share/texlive/texmf-dis
t/fonts/type1/public/amsfonts/cm/cmr8.pfb></usr/share/texlive/texmf-dist/fonts/
type1/public/amsfonts/cm/cmsy10.pfb></usr/share/texlive/texmf-dist/fonts/type1/
public/amsfonts/cm/cmsy8.pfb></usr/share/texlive/texmf-dist/fonts/type1/public/
amsfonts/symbols/msbm10.pfb>
Output written on diagrams.pdf (5 pages, 348488 bytes).
PDF statistics:
 121 PDF objects out of 1000 (max. 8388607)
 46 compressed objects within 1 object stream
 0 named destinations out of 1000 (max. 500000)
 141 words of extra memory for PDF output out of 10000 (max. 10000000)

